Started at Sat Dec 10 17:32:58 UTC 2022
Processing build docker
Offering build docker to Project Build Discarder
Processing docker-run
Offering docker-run to Project Build Discarder
Processing docker_test
Offering docker_test to Project Build Discarder
Processing eroom api deploy
Offering eroom api deploy to Project Build Discarder
Processing github_pull
Offering github_pull to Project Build Discarder
Finished at Sat Dec 10 17:32:58 UTC 2022. 1ms
Started at Sat Dec 10 18:32:58 UTC 2022
Processing build docker
Offering build docker to Project Build Discarder
Processing docker-run
Offering docker-run to Project Build Discarder
Processing docker_test
Offering docker_test to Project Build Discarder
Processing eroom api deploy
Offering eroom api deploy to Project Build Discarder
Processing github_pull
Offering github_pull to Project Build Discarder
Finished at Sat Dec 10 18:32:58 UTC 2022. 1ms
Started at Sat Dec 10 19:32:57 UTC 2022
Processing build docker
Offering build docker to Project Build Discarder
Processing docker-run
Offering docker-run to Project Build Discarder
Processing docker_test
Offering docker_test to Project Build Discarder
Processing eroom api deploy
Offering eroom api deploy to Project Build Discarder
Processing github_pull
Offering github_pull to Project Build Discarder
Finished at Sat Dec 10 19:32:58 UTC 2022. 80ms
Started at Sat Dec 10 20:32:58 UTC 2022
Processing build docker
Offering build docker to Project Build Discarder
Processing docker-run
Offering docker-run to Project Build Discarder
Processing docker_test
Offering docker_test to Project Build Discarder
Processing eroom api deploy
Offering eroom api deploy to Project Build Discarder
Processing github_pull
Offering github_pull to Project Build Discarder
Finished at Sat Dec 10 20:32:58 UTC 2022. 0ms
Started at Sat Dec 10 21:32:58 UTC 2022
Processing build docker
Offering build docker to Project Build Discarder
Processing docker-run
Offering docker-run to Project Build Discarder
Processing docker_test
Offering docker_test to Project Build Discarder
Processing eroom api deploy
Offering eroom api deploy to Project Build Discarder
Processing github_pull
Offering github_pull to Project Build Discarder
Finished at Sat Dec 10 21:32:58 UTC 2022. 1ms
Started at Sat Dec 10 22:32:58 UTC 2022
Processing build docker
Offering build docker to Project Build Discarder
Processing docker-run
Offering docker-run to Project Build Discarder
Processing docker_test
Offering docker_test to Project Build Discarder
Processing eroom api deploy
Offering eroom api deploy to Project Build Discarder
Processing github_pull
Offering github_pull to Project Build Discarder
Finished at Sat Dec 10 22:32:58 UTC 2022. 0ms
Started at Sat Dec 10 23:32:57 UTC 2022
Processing build docker
Offering build docker to Project Build Discarder
Processing docker-run
Offering docker-run to Project Build Discarder
Processing docker_test
Offering docker_test to Project Build Discarder
Processing eroom api deploy
Offering eroom api deploy to Project Build Discarder
Processing github_pull
Offering github_pull to Project Build Discarder
Finished at Sat Dec 10 23:32:57 UTC 2022. 0ms
Started at Sun Dec 11 00:32:57 UTC 2022
Processing build docker
Offering build docker to Project Build Discarder
Processing docker-run
Offering docker-run to Project Build Discarder
Processing docker_test
Offering docker_test to Project Build Discarder
Processing eroom api deploy
Offering eroom api deploy to Project Build Discarder
Processing github_pull
Offering github_pull to Project Build Discarder
Finished at Sun Dec 11 00:32:57 UTC 2022. 1ms
Started at Sun Dec 11 01:32:58 UTC 2022
Processing build docker
Offering build docker to Project Build Discarder
Processing docker-run
Offering docker-run to Project Build Discarder
Processing docker_test
Offering docker_test to Project Build Discarder
Processing eroom api deploy
Offering eroom api deploy to Project Build Discarder
Processing github_pull
Offering github_pull to Project Build Discarder
Finished at Sun Dec 11 01:32:58 UTC 2022. 1ms
Started at Sun Dec 11 02:32:58 UTC 2022
Processing build docker
Offering build docker to Project Build Discarder
Processing docker-run
Offering docker-run to Project Build Discarder
Processing docker_test
Offering docker_test to Project Build Discarder
Processing eroom api deploy
Offering eroom api deploy to Project Build Discarder
Processing github_pull
Offering github_pull to Project Build Discarder
Finished at Sun Dec 11 02:32:58 UTC 2022. 1ms
Started at Sun Dec 11 03:32:58 UTC 2022
Processing build docker
Offering build docker to Project Build Discarder
Processing docker-run
Offering docker-run to Project Build Discarder
Processing docker_test
Offering docker_test to Project Build Discarder
Processing eroom api deploy
Offering eroom api deploy to Project Build Discarder
Processing github_pull
Offering github_pull to Project Build Discarder
Finished at Sun Dec 11 03:32:58 UTC 2022. 1ms
Started at Sun Dec 11 04:32:58 UTC 2022
Processing build docker
Offering build docker to Project Build Discarder
Processing docker-run
Offering docker-run to Project Build Discarder
Processing docker_test
Offering docker_test to Project Build Discarder
Processing eroom api deploy
Offering eroom api deploy to Project Build Discarder
Processing github_pull
Offering github_pull to Project Build Discarder
Finished at Sun Dec 11 04:32:58 UTC 2022. 1ms
Started at Sun Dec 11 05:32:57 UTC 2022
Processing build docker
Offering build docker to Project Build Discarder
Processing docker-run
Offering docker-run to Project Build Discarder
Processing docker_test
Offering docker_test to Project Build Discarder
Processing eroom api deploy
Offering eroom api deploy to Project Build Discarder
Processing github_pull
Offering github_pull to Project Build Discarder
Finished at Sun Dec 11 05:32:57 UTC 2022. 0ms
Started at Sun Dec 11 06:32:58 UTC 2022
Processing build docker
Offering build docker to Project Build Discarder
Processing docker-run
Offering docker-run to Project Build Discarder
Processing docker_test
Offering docker_test to Project Build Discarder
Processing eroom api deploy
Offering eroom api deploy to Project Build Discarder
Processing github_pull
Offering github_pull to Project Build Discarder
Finished at Sun Dec 11 06:32:58 UTC 2022. 1ms
Started at Sun Dec 11 07:32:58 UTC 2022
Processing build docker
Offering build docker to Project Build Discarder
Processing docker-run
Offering docker-run to Project Build Discarder
Processing docker_test
Offering docker_test to Project Build Discarder
Processing eroom api deploy
Offering eroom api deploy to Project Build Discarder
Processing github_pull
Offering github_pull to Project Build Discarder
Finished at Sun Dec 11 07:32:58 UTC 2022. 1ms
Started at Sun Dec 11 08:32:58 UTC 2022
Processing build docker
Offering build docker to Project Build Discarder
Processing docker-run
Offering docker-run to Project Build Discarder
Processing docker_test
Offering docker_test to Project Build Discarder
Processing eroom api deploy
Offering eroom api deploy to Project Build Discarder
Processing github_pull
Offering github_pull to Project Build Discarder
Processing updatejenkins
Offering updatejenkins to Project Build Discarder
Finished at Sun Dec 11 08:32:58 UTC 2022. 279ms
Started at Sun Dec 11 09:32:58 UTC 2022
Processing build docker
Offering build docker to Project Build Discarder
Processing docker-run
Offering docker-run to Project Build Discarder
Processing docker_test
Offering docker_test to Project Build Discarder
Processing eroom api deploy
Offering eroom api deploy to Project Build Discarder
Processing github_pull
Offering github_pull to Project Build Discarder
Processing updatejenkins
Offering updatejenkins to Project Build Discarder
Finished at Sun Dec 11 09:32:58 UTC 2022. 82ms
Started at Sun Dec 11 10:32:57 UTC 2022
Processing build docker
Offering build docker to Project Build Discarder
Processing docker-run
Offering docker-run to Project Build Discarder
Processing docker_test
Offering docker_test to Project Build Discarder
Processing eroom api deploy
Offering eroom api deploy to Project Build Discarder
Processing github_pull
Offering github_pull to Project Build Discarder
Processing updatejenkins
Offering updatejenkins to Project Build Discarder
Finished at Sun Dec 11 10:32:59 UTC 2022. 1077ms
Started at Sun Dec 11 11:32:58 UTC 2022
Processing build docker
Offering build docker to Project Build Discarder
Processing docker-run
Offering docker-run to Project Build Discarder
Processing docker_test
Offering docker_test to Project Build Discarder
Processing eroom api deploy
Offering eroom api deploy to Project Build Discarder
Processing github_pull
Offering github_pull to Project Build Discarder
Processing updatejenkins
Offering updatejenkins to Project Build Discarder
Finished at Sun Dec 11 11:32:58 UTC 2022. 0ms
Started at Sun Dec 11 12:32:57 UTC 2022
Processing build docker
Offering build docker to Project Build Discarder
Processing docker-run
Offering docker-run to Project Build Discarder
Processing docker_test
Offering docker_test to Project Build Discarder
Processing eroom api deploy
Offering eroom api deploy to Project Build Discarder
Processing github_pull
Offering github_pull to Project Build Discarder
Processing updatejenkins
Offering updatejenkins to Project Build Discarder
Finished at Sun Dec 11 12:32:58 UTC 2022. 121ms
Started at Sun Dec 11 13:32:58 UTC 2022
Processing build docker
Offering build docker to Project Build Discarder
Processing docker-run
Offering docker-run to Project Build Discarder
Processing docker_test
Offering docker_test to Project Build Discarder
Processing eroom api deploy
Offering eroom api deploy to Project Build Discarder
Processing github_pull
Offering github_pull to Project Build Discarder
Processing updatejenkins
Offering updatejenkins to Project Build Discarder
Finished at Sun Dec 11 13:32:59 UTC 2022. 838ms
